<?xml version="1.0" encoding="UTF-8"?>
<testsuite xmlns:xsi="http://www.w3.org/2001/XMLSchema-instance" xsi:noNamespaceSchemaLocation="https://maven.apache.org/surefire/maven-surefire-plugin/xsd/surefire-test-report.xsd" version="3.0.2" name="com.example.gbsports.GbsportsApplicationTests" time="8.402" tests="1" errors="0" skipped="0" failures="0">
  <properties>
[...]
</properties>
  <testcase name="contextLoads" classname="com.example.gbsports.GbsportsApplicationTests" time="0.528">
    <system-out><![CDATA[Standard Commons Logging discovery in action with spring-jcl: please remove commons-logging.jar from classpath in order to avoid potential conflicts
15:47:18.909 [main] INFO org.springframework.test.context.support.AnnotationConfigContextLoaderUtils -- Could not detect default configuration classes for test class [com.example.gbsports.GbsportsApplicationTests]: GbsportsApplicationTests does not declare any static, non-private, non-final, nested classes annotated with @Configuration.
15:47:19.017 [main] INFO org.springframework.boot.test.context.SpringBootTestContextBootstrapper -- Found @SpringBootConfiguration com.example.gbsports.GbsportsApplication for test class com.example.gbsports.GbsportsApplicationTests

  .   ____          _            __ _ _
 /\\ / ___'_ __ _ _(_)_ __  __ _ \ \ \ \
( ( )\___ | '_ | '_| | '_ \/ _` | \ \ \ \
 \\/  ___)| |_)| | | | | || (_| |  ) ) ) )
  '  |____| .__|_| |_|_| |_\__, | / / / /
 =========|_|==============|___/=/_/_/_/

 :: Spring Boot ::                (v3.4.2)

2025-04-14T15:47:19.414+07:00  WARN 1596 --- [gbsports] [           main] ory$DuplicateJsonObjectContextCustomizer : 

Found multiple occurrences of org.json.JSONObject on the class path:

	jar:file:/C:/Users/Admin/.m2/repository/org/json/json/20210307/json-20210307.jar!/org/json/JSONObject.class
	jar:file:/C:/Users/Admin/.m2/repository/com/vaadin/external/google/android-json/0.0.20131108.vaadin1/android-json-0.0.20131108.vaadin1.jar!/org/json/JSONObject.class

You may wish to exclude one of them to ensure predictable runtime behavior

2025-04-14T15:47:19.434+07:00  INFO 1596 --- [gbsports] [           main] c.e.gbsports.GbsportsApplicationTests    : Starting GbsportsApplicationTests using Java 17.0.8 with PID 1596 (started by Admin in D:\DATN-G-BSPORT)
2025-04-14T15:47:19.436+07:00  INFO 1596 --- [gbsports] [           main] c.e.gbsports.GbsportsApplicationTests    : No active profile set, falling back to 1 default profile: "default"
2025-04-14T15:47:21.017+07:00  INFO 1596 --- [gbsports] [           main] .s.d.r.c.RepositoryConfigurationDelegate : Bootstrapping Spring Data JPA repositories in DEFAULT mode.
2025-04-14T15:47:21.122+07:00  INFO 1596 --- [gbsports] [           main] .s.d.r.c.RepositoryConfigurationDelegate : Finished Spring Data repository scanning in 94 ms. Found 22 JPA repository interfaces.
2025-04-14T15:47:21.639+07:00  INFO 1596 --- [gbsports] [           main] com.zaxxer.hikari.HikariDataSource       : HikariPool-1 - Starting...
2025-04-14T15:47:21.948+07:00  INFO 1596 --- [gbsports] [           main] com.zaxxer.hikari.pool.HikariPool        : HikariPool-1 - Added connection ConnectionID:1 ClientConnectionId: 5a9ded4d-cfd5-43bb-a518-2f3d120ef86b
2025-04-14T15:47:21.951+07:00  INFO 1596 --- [gbsports] [           main] com.zaxxer.hikari.HikariDataSource       : HikariPool-1 - Start completed.
2025-04-14T15:47:22.002+07:00  INFO 1596 --- [gbsports] [           main] o.hibernate.jpa.internal.util.LogHelper  : HHH000204: Processing PersistenceUnitInfo [name: default]
2025-04-14T15:47:22.073+07:00  INFO 1596 --- [gbsports] [           main] org.hibernate.Version                    : HHH000412: Hibernate ORM core version 6.6.5.Final
2025-04-14T15:47:22.111+07:00  INFO 1596 --- [gbsports] [           main] o.h.c.internal.RegionFactoryInitiator    : HHH000026: Second-level cache disabled
2025-04-14T15:47:22.404+07:00  INFO 1596 --- [gbsports] [           main] o.s.o.j.p.SpringPersistenceUnitInfo      : No LoadTimeWeaver setup: ignoring JPA class transformer
2025-04-14T15:47:22.513+07:00  INFO 1596 --- [gbsports] [           main] org.hibernate.orm.connections.pooling    : HHH10001005: Database info:
	Database JDBC URL [Connecting through datasource 'HikariDataSource (HikariPool-1)']
	Database driver: undefined/unknown
	Database version: 15.0
	Autocommit mode: undefined/unknown
	Isolation level: undefined/unknown
	Minimum pool size: undefined/unknown
	Maximum pool size: undefined/unknown
2025-04-14T15:47:23.840+07:00  INFO 1596 --- [gbsports] [           main] o.h.e.t.j.p.i.JtaPlatformInitiator       : HHH000489: No JTA platform available (set 'hibernate.transaction.jta.platform' to enable JTA platform integration)
2025-04-14T15:47:23.844+07:00  INFO 1596 --- [gbsports] [           main] j.LocalContainerEntityManagerFactoryBean : Initialized JPA EntityManagerFactory for persistence unit 'default'
2025-04-14T15:47:24.174+07:00  INFO 1596 --- [gbsports] [           main] o.s.d.j.r.query.QueryEnhancerFactory     : Hibernate is in classpath; If applicable, HQL parser will be used.
2025-04-14T15:47:25.808+07:00  INFO 1596 --- [gbsports] [           main] f.a.AutowiredAnnotationBeanPostProcessor : Autowired annotation should only be used on methods with parameters: public java.util.List com.example.gbsports.controller.NhanVienController.findAll()
Hibernate: select nv1_0.id_nhan_vien,nv1_0.anh_nhan_vien,nv1_0.dia_chi_lien_he,nv1_0.email,nv1_0.gioi_tinh,nv1_0.ma_nhan_vien,nv1_0.ngay_sinh,nv1_0.ngay_tham_gia,nv1_0.so_dien_thoai,nv1_0.id_tai_khoan,nv1_0.ten_nhan_vien,nv1_0.trang_thai from nhan_vien nv1_0
Hibernate: select tk1_0.id_tai_khoan,tk1_0.mat_khau,r1_0.id_roles,r1_0.ma_roles,r1_0.ten_roles,tk1_0.ten_dang_nhap from tai_khoan tk1_0 left join roles r1_0 on r1_0.id_roles=tk1_0.id_roles where tk1_0.id_tai_khoan=?
Hibernate: select tk1_0.id_tai_khoan,tk1_0.mat_khau,r1_0.id_roles,r1_0.ma_roles,r1_0.ten_roles,tk1_0.ten_dang_nhap from tai_khoan tk1_0 left join roles r1_0 on r1_0.id_roles=tk1_0.id_roles where tk1_0.id_tai_khoan=?
Hibernate: select tk1_0.id_tai_khoan,tk1_0.mat_khau,r1_0.id_roles,r1_0.ma_roles,r1_0.ten_roles,tk1_0.ten_dang_nhap from tai_khoan tk1_0 left join roles r1_0 on r1_0.id_roles=tk1_0.id_roles where tk1_0.id_tai_khoan=?
Hibernate: select tk1_0.id_tai_khoan,tk1_0.mat_khau,r1_0.id_roles,r1_0.ma_roles,r1_0.ten_roles,tk1_0.ten_dang_nhap from tai_khoan tk1_0 left join roles r1_0 on r1_0.id_roles=tk1_0.id_roles where tk1_0.id_tai_khoan=?
Hibernate: select tk1_0.id_tai_khoan,tk1_0.mat_khau,r1_0.id_roles,r1_0.ma_roles,r1_0.ten_roles,tk1_0.ten_dang_nhap from tai_khoan tk1_0 left join roles r1_0 on r1_0.id_roles=tk1_0.id_roles where tk1_0.id_tai_khoan=?
Hibernate: select tk1_0.id_tai_khoan,tk1_0.mat_khau,r1_0.id_roles,r1_0.ma_roles,r1_0.ten_roles,tk1_0.ten_dang_nhap from tai_khoan tk1_0 left join roles r1_0 on r1_0.id_roles=tk1_0.id_roles where tk1_0.id_tai_khoan=?
Hibernate: select tk1_0.id_tai_khoan,tk1_0.mat_khau,r1_0.id_roles,r1_0.ma_roles,r1_0.ten_roles,tk1_0.ten_dang_nhap from tai_khoan tk1_0 left join roles r1_0 on r1_0.id_roles=tk1_0.id_roles where tk1_0.id_tai_khoan=?
Hibernate: select tk1_0.id_tai_khoan,tk1_0.mat_khau,r1_0.id_roles,r1_0.ma_roles,r1_0.ten_roles,tk1_0.ten_dang_nhap from tai_khoan tk1_0 left join roles r1_0 on r1_0.id_roles=tk1_0.id_roles where tk1_0.id_tai_khoan=?
Hibernate: select tk1_0.id_tai_khoan,tk1_0.mat_khau,r1_0.id_roles,r1_0.ma_roles,r1_0.ten_roles,tk1_0.ten_dang_nhap from tai_khoan tk1_0 left join roles r1_0 on r1_0.id_roles=tk1_0.id_roles where tk1_0.id_tai_khoan=?
Hibernate: select tk1_0.id_tai_khoan,tk1_0.mat_khau,r1_0.id_roles,r1_0.ma_roles,r1_0.ten_roles,tk1_0.ten_dang_nhap from tai_khoan tk1_0 left join roles r1_0 on r1_0.id_roles=tk1_0.id_roles where tk1_0.id_tai_khoan=?
Hibernate: select tk1_0.id_tai_khoan,tk1_0.mat_khau,r1_0.id_roles,r1_0.ma_roles,r1_0.ten_roles,tk1_0.ten_dang_nhap from tai_khoan tk1_0 left join roles r1_0 on r1_0.id_roles=tk1_0.id_roles where tk1_0.id_tai_khoan=?
Hibernate: select tk1_0.id_tai_khoan,tk1_0.mat_khau,r1_0.id_roles,r1_0.ma_roles,r1_0.ten_roles,tk1_0.ten_dang_nhap from tai_khoan tk1_0 left join roles r1_0 on r1_0.id_roles=tk1_0.id_roles where tk1_0.id_tai_khoan=?
2025-04-14T15:47:26.159+07:00  WARN 1596 --- [gbsports] [           main] JpaBaseConfiguration$JpaWebConfiguration : spring.jpa.open-in-view is enabled by default. Therefore, database queries may be performed during view rendering. Explicitly configure spring.jpa.open-in-view to disable this warning
2025-04-14T15:47:26.612+07:00  INFO 1596 --- [gbsports] [           main] c.e.gbsports.GbsportsApplicationTests    : Started GbsportsApplicationTests in 7.442 seconds (process running for 8.611)
Hibernate: select km1_0.id_khuyen_mai,km1_0.gia_tri_giam,km1_0.gia_tri_toi_da,km1_0.kieu_giam_gia,km1_0.ma_khuyen_mai,km1_0.mo_ta,km1_0.ngay_bat_dau,km1_0.ngay_het_han,km1_0.ten_khuyen_mai,km1_0.trang_thai from khuyen_mai km1_0 order by (select 0) offset ? rows fetch first ? rows only
2025-04-14T15:47:26.644+07:00  INFO 1596 --- [gbsports] [   scheduling-1] c.e.gbsports.service.KhuyenMaiService    : Updated khuyen mai status: KM123 from Đang di?n ra to Đ? k?t thúc
2025-04-14T15:47:26.644+07:00  INFO 1596 --- [gbsports] [   scheduling-1] c.e.gbsports.service.KhuyenMaiService    : Updated khuyen mai status: KM20 from Đang di?n ra to Đ? k?t thúc
Hibernate: update khuyen_mai set gia_tri_giam=?,gia_tri_toi_da=?,kieu_giam_gia=?,ma_khuyen_mai=?,mo_ta=?,ngay_bat_dau=?,ngay_het_han=?,ten_khuyen_mai=?,trang_thai=? where id_khuyen_mai=?
Hibernate: update khuyen_mai set gia_tri_giam=?,gia_tri_toi_da=?,kieu_giam_gia=?,ma_khuyen_mai=?,mo_ta=?,ngay_bat_dau=?,ngay_het_han=?,ten_khuyen_mai=?,trang_thai=? where id_khuyen_mai=?
Hibernate: select v1_0.id_voucher,v1_0.gia_tri_giam,v1_0.gia_tri_toi_da,v1_0.gia_tri_toi_thieu,v1_0.kieu_giam_gia,v1_0.ma_voucher,v1_0.mo_ta,v1_0.ngay_tao,v1_0.ngay_het_han,v1_0.so_luong,v1_0.ten_voucher,v1_0.trang_thai from voucher v1_0 order by (select 0) offset ? rows fetch first ? rows only
2025-04-14T15:47:26.693+07:00  INFO 1596 --- [gbsports] [   scheduling-1] c.e.gbsports.service.VoucherService      : Updated voucher status: VCKK from Đang di?n ra to Đ? k?t thúc
2025-04-14T15:47:26.693+07:00  INFO 1596 --- [gbsports] [   scheduling-1] c.e.gbsports.service.VoucherService      : Updated voucher status: VC20 from Đang di?n ra to Đ? k?t thúc
Hibernate: update voucher set gia_tri_giam=?,gia_tri_toi_da=?,gia_tri_toi_thieu=?,kieu_giam_gia=?,ma_voucher=?,mo_ta=?,ngay_tao=?,ngay_het_han=?,so_luong=?,ten_voucher=?,trang_thai=? where id_voucher=?
Hibernate: update voucher set gia_tri_giam=?,gia_tri_toi_da=?,gia_tri_toi_thieu=?,kieu_giam_gia=?,ma_voucher=?,mo_ta=?,ngay_tao=?,ngay_het_han=?,so_luong=?,ten_voucher=?,trang_thai=? where id_voucher=?
Cron job đang chạy...
]]></system-out>
  </testcase>
</testsuite>